{"C:\\Users\\gusta\\OneDrive\\Escritorio\\Lerning\\Fizzbuzz with tests\\fizzbuzz.js": {"path":"C:\\Users\\gusta\\OneDrive\\Escritorio\\Lerning\\Fizzbuzz with tests\\fizzbuzz.js","all":false,"statementMap":{"0":{"start":{"line":1,"column":0},"end":{"line":1,"column":27}},"1":{"start":{"line":2,"column":0},"end":{"line":2,"column":19}},"2":{"start":{"line":3,"column":0},"end":{"line":3,"column":20}},"3":{"start":{"line":4,"column":0},"end":{"line":4,"column":25}},"4":{"start":{"line":5,"column":0},"end":{"line":5,"column":6}},"5":{"start":{"line":6,"column":0},"end":{"line":6,"column":41}},"6":{"start":{"line":7,"column":0},"end":{"line":7,"column":35}},"7":{"start":{"line":8,"column":0},"end":{"line":8,"column":6}},"8":{"start":{"line":9,"column":0},"end":{"line":9,"column":24}},"9":{"start":{"line":10,"column":0},"end":{"line":10,"column":31}},"10":{"start":{"line":11,"column":0},"end":{"line":11,"column":6}},"11":{"start":{"line":12,"column":0},"end":{"line":12,"column":24}},"12":{"start":{"line":13,"column":0},"end":{"line":13,"column":31}},"13":{"start":{"line":14,"column":0},"end":{"line":14,"column":6}},"14":{"start":{"line":15,"column":0},"end":{"line":15,"column":10}},"15":{"start":{"line":16,"column":0},"end":{"line":16,"column":18}},"16":{"start":{"line":17,"column":0},"end":{"line":17,"column":5}},"17":{"start":{"line":18,"column":0},"end":{"line":18,"column":0}},"18":{"start":{"line":19,"column":0},"end":{"line":19,"column":1}},"19":{"start":{"line":20,"column":0},"end":{"line":20,"column":0}},"20":{"start":{"line":21,"column":0},"end":{"line":21,"column":23}},"21":{"start":{"line":22,"column":0},"end":{"line":22,"column":32}},"22":{"start":{"line":23,"column":0},"end":{"line":23,"column":43}},"23":{"start":{"line":24,"column":0},"end":{"line":24,"column":5}},"24":{"start":{"line":25,"column":0},"end":{"line":25,"column":1}},"25":{"start":{"line":26,"column":0},"end":{"line":26,"column":0}},"26":{"start":{"line":27,"column":0},"end":{"line":27,"column":10}},"27":{"start":{"line":28,"column":0},"end":{"line":28,"column":0}},"28":{"start":{"line":29,"column":0},"end":{"line":29,"column":25}}},"s":{"0":1,"1":105,"2":105,"3":1,"4":1,"5":105,"6":7,"7":7,"8":105,"9":28,"10":28,"11":105,"12":15,"13":15,"14":54,"15":54,"16":54,"17":105,"18":105,"19":1,"20":1,"21":1,"22":101,"23":101,"24":1,"25":1,"26":1,"27":1,"28":1},"branchMap":{"0":{"type":"branch","line":1,"loc":{"start":{"line":1,"column":18},"end":{"line":19,"column":1}},"locations":[{"start":{"line":1,"column":18},"end":{"line":19,"column":1}}]},"1":{"type":"branch","line":3,"loc":{"start":{"line":3,"column":19},"end":{"line":5,"column":6}},"locations":[{"start":{"line":3,"column":19},"end":{"line":5,"column":6}}]},"2":{"type":"branch","line":5,"loc":{"start":{"line":5,"column":5},"end":{"line":6,"column":11}},"locations":[{"start":{"line":5,"column":5},"end":{"line":6,"column":11}}]},"3":{"type":"branch","line":6,"loc":{"start":{"line":6,"column":8},"end":{"line":6,"column":40}},"locations":[{"start":{"line":6,"column":8},"end":{"line":6,"column":40}}]},"4":{"type":"branch","line":6,"loc":{"start":{"line":6,"column":40},"end":{"line":8,"column":6}},"locations":[{"start":{"line":6,"column":40},"end":{"line":8,"column":6}}]},"5":{"type":"branch","line":8,"loc":{"start":{"line":8,"column":5},"end":{"line":9,"column":8}},"locations":[{"start":{"line":8,"column":5},"end":{"line":9,"column":8}}]},"6":{"type":"branch","line":9,"loc":{"start":{"line":9,"column":23},"end":{"line":11,"column":6}},"locations":[{"start":{"line":9,"column":23},"end":{"line":11,"column":6}}]},"7":{"type":"branch","line":11,"loc":{"start":{"line":11,"column":5},"end":{"line":12,"column":8}},"locations":[{"start":{"line":11,"column":5},"end":{"line":12,"column":8}}]},"8":{"type":"branch","line":12,"loc":{"start":{"line":12,"column":23},"end":{"line":14,"column":6}},"locations":[{"start":{"line":12,"column":23},"end":{"line":14,"column":6}}]},"9":{"type":"branch","line":14,"loc":{"start":{"line":14,"column":5},"end":{"line":17,"column":5}},"locations":[{"start":{"line":14,"column":5},"end":{"line":17,"column":5}}]},"10":{"type":"branch","line":21,"loc":{"start":{"line":21,"column":14},"end":{"line":25,"column":1}},"locations":[{"start":{"line":21,"column":14},"end":{"line":25,"column":1}}]},"11":{"type":"branch","line":22,"loc":{"start":{"line":22,"column":31},"end":{"line":24,"column":5}},"locations":[{"start":{"line":22,"column":31},"end":{"line":24,"column":5}}]}},"b":{"0":[105],"1":[1],"2":[104],"3":[35],"4":[7],"5":[97],"6":[28],"7":[69],"8":[15],"9":[54],"10":[1],"11":[101]},"fnMap":{"0":{"name":"fizzbuzz","decl":{"start":{"line":1,"column":18},"end":{"line":19,"column":1}},"loc":{"start":{"line":1,"column":18},"end":{"line":19,"column":1}},"line":1},"1":{"name":"print","decl":{"start":{"line":21,"column":14},"end":{"line":25,"column":1}},"loc":{"start":{"line":21,"column":14},"end":{"line":25,"column":1}},"line":21}},"f":{"0":105,"1":1}}
}
