TN:
SF:fizzbuzz.js
FN:1,fizzbuzz
FN:21,print
FNF:2
FNH:2
FNDA:105,fizzbuzz
FNDA:1,print
DA:1,1
DA:2,105
DA:3,105
DA:4,1
DA:5,1
DA:6,105
DA:7,7
DA:8,7
DA:9,105
DA:10,28
DA:11,28
DA:12,105
DA:13,15
DA:14,15
DA:15,54
DA:16,54
DA:17,54
DA:18,105
DA:19,105
DA:20,1
DA:21,1
DA:22,1
DA:23,101
DA:24,101
DA:25,1
DA:26,1
DA:27,1
DA:28,1
DA:29,1
LF:29
LH:29
BRDA:1,0,0,105
BRDA:3,1,0,1
BRDA:5,2,0,104
BRDA:6,3,0,35
BRDA:6,4,0,7
BRDA:8,5,0,97
BRDA:9,6,0,28
BRDA:11,7,0,69
BRDA:12,8,0,15
BRDA:14,9,0,54
BRDA:21,10,0,1
BRDA:22,11,0,101
BRF:12
BRH:12
end_of_record
